<?xml version="1.0" encoding="UTF-8"?>
<!-- Generated by org.testng.reporters.JUnitReportReporter -->
<testsuite hostname="Pavan" failures="0" tests="1" name="com.ecom.testcases.TC002_TestLogin" time="1.714" errors="0" timestamp="2025-03-29T22:11:05 IST" skipped="0">
  <testcase classname="com.ecom.testcases.TC002_TestLogin" name="verifyLogin" time="1.714"/>
</testsuite> <!-- com.ecom.testcases.TC002_TestLogin -->
