<?xml version="1.0" encoding="UTF-8"?>
<!-- Generated by org.testng.reporters.JUnitReportReporter -->
<testsuite hostname="Pavan" failures="0" tests="5" name="com.ecom.testcases.TC003_DDLoginTest" time="12.146" errors="0" timestamp="2025-03-28T23:42:12 IST" skipped="0">
  <testcase classname="com.ecom.testcases.TC003_DDLoginTest" name="verifyLogin" time="1.421"/>
  <testcase classname="com.ecom.testcases.TC003_DDLoginTest" name="verifyLogin" time="1.412"/>
  <testcase classname="com.ecom.testcases.TC003_DDLoginTest" name="verifyLogin" time="1.643"/>
  <testcase classname="com.ecom.testcases.TC003_DDLoginTest" name="verifyLogin" time="6.008"/>
  <testcase classname="com.ecom.testcases.TC003_DDLoginTest" name="verifyLogin" time="1.662"/>
</testsuite> <!-- com.ecom.testcases.TC003_DDLoginTest -->
