<?xml version="1.0" encoding="UTF-8"?>
<!-- Generated by org.testng.reporters.JUnitReportReporter -->
<testsuite hostname="Pavan" failures="0" tests="1" name="com.ecom.testcases.TC002_TestLogin" time="7.729" errors="0" timestamp="2025-03-29T00:00:08 IST" skipped="0">
  <testcase classname="com.ecom.testcases.TC002_TestLogin" name="verifyLogin" time="7.729"/>
</testsuite> <!-- com.ecom.testcases.TC002_TestLogin -->
