<?xml version="1.0" encoding="UTF-8"?>
<!-- Generated by org.testng.reporters.JUnitReportReporter -->
<testsuite hostname="Pavan" failures="0" tests="1" name="com.ecom.testcases.TC001_TestAccountRegistration" time="2.229" errors="0" timestamp="2025-03-31T14:21:16 IST" skipped="0">
  <testcase classname="com.ecom.testcases.TC001_TestAccountRegistration" name="verify_Acct_Registration" time="2.229"/>
</testsuite> <!-- com.ecom.testcases.TC001_TestAccountRegistration -->
